21:49:11  학습 시작 (epochs=300, batch=512, lr=0.002, wd=0.0001, patience=30)
21:49:11  Loss: 균등 MSE (log-scale)
21:49:11   Epoch      Train        Val         LR       Best
21:49:11  ───────────────────────────────────────────────────────
21:49:13       1    0.24071    0.09725   2.00e-03    0.09725 ★
21:49:14       2    0.13896    0.08957   2.00e-03    0.08957 ★
21:49:15       3    0.12564    0.08539   2.00e-03    0.08539 ★
21:49:16       4    0.11629    0.08097   2.00e-03    0.08097 ★
21:49:17       5    0.10886    0.08024   2.00e-03    0.08024 ★
21:49:19       6    0.10533    0.07673   2.00e-03    0.07673 ★
21:49:20       7    0.09836    0.06826   2.00e-03    0.06826 ★
21:49:21       8    0.09645    0.06583   2.00e-03    0.06583 ★
21:49:23      10    0.09156    0.06366   1.99e-03    0.06366 ★
21:49:24      11    0.09108    0.06273   1.99e-03    0.06273 ★
21:49:26      13    0.08817    0.06013   1.99e-03    0.06013 ★
21:49:29      16    0.08767    0.05871   1.99e-03    0.05871 ★
21:49:33      19    0.08517    0.05813   1.98e-03    0.05813 ★
21:49:34      20    0.08232    0.06348   1.98e-03    0.05813 
21:49:39      25    0.07974    0.05774   1.97e-03    0.05774 ★
21:49:41      27    0.07866    0.05700   1.96e-03    0.05700 ★
21:49:42      28    0.07913    0.05419   1.96e-03    0.05419 ★
21:49:44      30    0.07785    0.05798   1.95e-03    0.05419 
21:49:54      40    0.07304    0.05452   1.91e-03    0.05419 
21:50:00      45    0.07217    0.05299   1.89e-03    0.05299 ★
21:50:02      47    0.07123    0.05265   1.88e-03    0.05265 ★
21:50:06      50    0.06825    0.05128   1.87e-03    0.05128 ★
21:50:12      56    0.06836    0.05092   1.83e-03    0.05092 ★
21:50:16      60    0.06827    0.05225   1.81e-03    0.05092 
21:50:23      66    0.06643    0.05086   1.77e-03    0.05086 ★
21:50:27      70    0.06509    0.05306   1.74e-03    0.05086 
21:50:36      78    0.06335    0.05072   1.69e-03    0.05072 ★
21:50:38      80    0.06173    0.05307   1.67e-03    0.05072 
21:50:40      81    0.06264    0.05049   1.66e-03    0.05049 ★
21:50:48      90    0.05972    0.05297   1.59e-03    0.05049 
21:50:55      97    0.05681    0.05032   1.53e-03    0.05032 ★
21:50:59     100    0.05823    0.05152   1.50e-03    0.05032 
21:51:00     101    0.05622    0.04903   1.49e-03    0.04903 ★
21:51:09     110    0.05549    0.05149   1.41e-03    0.04903 
21:51:14     115    0.05607    0.04894   1.36e-03    0.04894 ★
21:51:19     120    0.05499    0.05268   1.31e-03    0.04894 
21:51:29     130    0.05084    0.05090   1.21e-03    0.04894 
21:51:39     140    0.04943    0.05010   1.11e-03    0.04894 
21:51:44  EarlyStopping: 30epoch 개선 없음 → 조기 종료 (epoch 145)
21:51:44  학습 완료: 152.5s  best_val_loss=0.04894  best_epoch=115
21:51:44  ───────────────────────────────────────────────────────
21:51:44  Test MSE  (log-scale): 0.04878
21:51:44  Test RMSE (log-scale): 0.22087
21:51:44  가중치               RMSE(log)     RMSE(상대%)                  예측범위
21:51:44  ──────────────────────────────────────────────────────────────
21:51:44  long_pos             0.2653         30.4%  [2.003, 11.881]
21:51:44  heading              0.1645         17.9%  [0.413, 11.235]
21:51:44  steer_rate           0.1653         18.0%  [0.799, 8.605]
21:51:44  accel_rate           0.2653         30.4%  [0.169, 0.998]
21:51:44  저장 완료:
21:51:44    mlp_out/best_model.pt       ← 가중치만
21:51:44    mlp_out/model_full.pt       ← 가중치 + 아키텍처 (추론용)
21:51:44    mlp_out/history.json        ← train/val loss 곡선
21:51:44    mlp_out/test_results.npz    ← 테스트 pred/target
21:51:44    mlp_out/config.json         ← 하이퍼파라미터
21:51:44    mlp_out/training_curves.png ← 학습 곡선 플롯
21:51:44    mlp_out/train.log           ← 학습 로그
