17:52:26  학습 시작 (epochs=300, batch=512, lr=0.002, wd=0.0001, patience=30)
17:52:26  Loss: 균등 MSE (log-scale)
17:52:26   Epoch      Train        Val         LR       Best
17:52:26  ───────────────────────────────────────────────────────
17:52:27       1    1.03541    0.43736   2.00e-03    0.43736 ★
17:52:28       2    0.47208    0.43575   2.00e-03    0.43575 ★
17:52:29       3    0.46460    0.43369   2.00e-03    0.43369 ★
17:52:30       4    0.46090    0.43045   2.00e-03    0.43045 ★
17:52:31       6    0.45558    0.42985   2.00e-03    0.42985 ★
17:52:33       8    0.45380    0.42454   2.00e-03    0.42454 ★
17:52:34      10    0.45121    0.43284   1.99e-03    0.42454 
17:52:35      11    0.45077    0.42324   1.99e-03    0.42324 ★
17:52:37      13    0.44748    0.42228   1.99e-03    0.42228 ★
17:52:37      14    0.44680    0.41746   1.99e-03    0.41746 ★
17:52:40      17    0.44489    0.41535   1.98e-03    0.41535 ★
17:52:41      19    0.44131    0.41406   1.98e-03    0.41406 ★
17:52:42      20    0.43958    0.41462   1.98e-03    0.41406 
17:52:45      24    0.43645    0.41125   1.97e-03    0.41125 ★
17:52:46      25    0.43356    0.40918   1.97e-03    0.40918 ★
17:52:47      27    0.43439    0.40824   1.96e-03    0.40824 ★
17:52:50      30    0.43236    0.41438   1.95e-03    0.40824 
17:52:50      31    0.43202    0.40698   1.95e-03    0.40698 ★
17:52:51      32    0.42993    0.40175   1.94e-03    0.40175 ★
17:52:54      36    0.42901    0.40115   1.93e-03    0.40115 ★
17:52:58      40    0.42104    0.40038   1.91e-03    0.40038 ★
17:52:59      42    0.42316    0.39654   1.91e-03    0.39654 ★
17:53:04      49    0.41357    0.39422   1.87e-03    0.39422 ★
17:53:05      50    0.41006    0.40336   1.87e-03    0.39422 
17:53:09      55    0.40818    0.39367   1.84e-03    0.39367 ★
17:53:10      56    0.41255    0.38959   1.83e-03    0.38959 ★
17:53:12      59    0.40524    0.38610   1.82e-03    0.38610 ★
17:53:13      60    0.40392    0.39505   1.81e-03    0.38610 
17:53:14      61    0.40533    0.38063   1.80e-03    0.38063 ★
17:53:18      67    0.39425    0.37636   1.76e-03    0.37636 ★
17:53:20      69    0.39341    0.37596   1.75e-03    0.37596 ★
17:53:20      70    0.39702    0.37593   1.74e-03    0.37593 ★
17:53:23      73    0.39060    0.37534   1.72e-03    0.37534 ★
17:53:28      80    0.38708    0.37002   1.67e-03    0.37002 ★
17:53:30      82    0.38524    0.36935   1.66e-03    0.36935 ★
17:53:30      83    0.38362    0.36743   1.65e-03    0.36743 ★
17:53:34      88    0.38111    0.36696   1.61e-03    0.36696 ★
17:53:35      89    0.37813    0.36194   1.60e-03    0.36194 ★
17:53:36      90    0.37846    0.37102   1.59e-03    0.36194 
17:53:40      95    0.38242    0.36170   1.55e-03    0.36170 ★
17:53:41      97    0.37381    0.36069   1.53e-03    0.36069 ★
17:53:43      99    0.37631    0.35996   1.51e-03    0.35996 ★
17:53:43     100    0.37620    0.38095   1.50e-03    0.35996 
17:53:46     103    0.37412    0.35743   1.48e-03    0.35743 ★
17:53:47     105    0.37445    0.35652   1.46e-03    0.35652 ★
17:53:51     110    0.37357    0.36815   1.41e-03    0.35652 
17:53:56     117    0.36874    0.35517   1.34e-03    0.35517 ★
17:53:59     120    0.36505    0.36207   1.31e-03    0.35517 
17:54:01     123    0.36592    0.35382   1.28e-03    0.35382 ★
17:54:02     124    0.36362    0.35348   1.27e-03    0.35348 ★
17:54:06     130    0.36312    0.35529   1.21e-03    0.35348 
17:54:07     131    0.35968    0.35258   1.20e-03    0.35258 ★
17:54:13     138    0.35888    0.34837   1.13e-03    0.34837 ★
17:54:14     140    0.35874    0.36673   1.11e-03    0.34837 
17:54:22     150    0.35837    0.34818   1.01e-03    0.34818 ★
17:54:25     154    0.35408    0.34467   9.63e-04    0.34467 ★
17:54:30     160    0.35115    0.35206   9.01e-04    0.34467 
17:54:37     170    0.34824    0.35123   7.98e-04    0.34467 
17:54:45     180    0.34499    0.34199   6.98e-04    0.34199 ★
17:54:52     190    0.34050    0.34422   6.00e-04    0.34199 
17:55:00     200    0.34001    0.34416   5.07e-04    0.34199 
17:55:02     203    0.33769    0.34107   4.81e-04    0.34107 ★
17:55:03     205    0.33528    0.34083   4.63e-04    0.34083 ★
17:55:07     210    0.33509    0.33948   4.20e-04    0.33948 ★
17:55:08     211    0.33380    0.33923   4.12e-04    0.33923 ★
17:55:15     220    0.33135    0.34144   3.39e-04    0.33923 
17:55:16     221    0.33242    0.33918   3.32e-04    0.33918 ★
17:55:19     226    0.32973    0.33821   2.94e-04    0.33821 ★
17:55:23     230    0.33007    0.33857   2.66e-04    0.33821 
17:55:29     239    0.32688    0.33770   2.06e-04    0.33770 ★
17:55:30     240    0.32502    0.33819   2.00e-04    0.33770 
17:55:32     242    0.32590    0.33742   1.88e-04    0.33742 ★
17:55:33     243    0.32552    0.33736   1.82e-04    0.33736 ★
17:55:35     246    0.32464    0.33716   1.65e-04    0.33716 ★
17:55:38     250    0.32438    0.33836   1.43e-04    0.33716 
17:55:42     255    0.32372    0.33712   1.18e-04    0.33712 ★
17:55:46     260    0.32166    0.33722   9.60e-05    0.33712 
17:55:50     265    0.32158    0.33692   7.61e-05    0.33692 ★
17:55:54     270    0.32132    0.33726   5.87e-05    0.33692 
17:55:59     277    0.31960    0.33672   3.87e-05    0.33672 ★
17:56:01     280    0.31963    0.33746   3.17e-05    0.33672 
17:56:03     282    0.31963    0.33651   2.76e-05    0.33651 ★
17:56:07     287    0.31885    0.33646   1.92e-05    0.33646 ★
17:56:09     290    0.31865    0.33673   1.55e-05    0.33646 
17:56:17     300    0.31811    0.33674   1.00e-05    0.33646 
17:56:17  학습 완료: 231.1s  best_val_loss=0.33646  best_epoch=287
17:56:17  ───────────────────────────────────────────────────────
17:56:17  Test MSE  (log-scale): 0.33268
17:56:17  Test RMSE (log-scale): 0.57678
17:56:17  가중치               RMSE(log)     RMSE(상대%)                  예측범위
17:56:17  ──────────────────────────────────────────────────────────────
17:56:17  long_pos             0.6920         99.8%  [0.106, 9.855]
17:56:17  heading              0.4696         59.9%  [0.047, 7.169]
17:56:17  steer_rate           0.4792         61.5%  [1.191, 27.055]
17:56:17  accel_rate           0.6338         88.5%  [0.190, 11.383]
17:56:17  저장 완료:
17:56:17    mlp_out_1.5/best_model.pt       ← 가중치만
17:56:17    mlp_out_1.5/model_full.pt       ← 가중치 + 아키텍처 (추론용)
17:56:17    mlp_out_1.5/history.json        ← train/val loss 곡선
17:56:17    mlp_out_1.5/test_results.npz    ← 테스트 pred/target
17:56:17    mlp_out_1.5/config.json         ← 하이퍼파라미터
17:56:17    mlp_out_1.5/training_curves.png ← 학습 곡선 플롯
17:56:17    mlp_out_1.5/train.log           ← 학습 로그
